Arguments: 
  D:\Program Files\nodejs\node.exe C:\Users\ajai2\AppData\Roaming\npm\node_modules\yarn\bin\yarn.js

PATH: 
  C:\Users\ajai2\bin;C:\Program Files\Git\mingw64\bin;C:\Program Files\Git\usr\local\bin;C:\Program Files\Git\usr\bin;C:\Program Files\Git\usr\bin;C:\Program Files\Git\mingw64\bin;C:\Program Files\Git\usr\bin;C:\Users\ajai2\bin;C:\Python39\Scripts;C:\Python39;C:\Windows\system32;C:\Windows;C:\Windows\System32\Wbem;C:\Windows\System32\WindowsPowerShell\v1.0;C:\Windows\System32\OpenSSH;C:\Program Files (x86)\NVIDIA Corporation\PhysX\Common;C:\Program Files\NVIDIA Corporation\NVIDIA NvDLISR;C:\WINDOWS\system32;C:\WINDOWS;C:\WINDOWS\System32\Wbem;C:\WINDOWS\System32\WindowsPowerShell\v1.0;C:\WINDOWS\System32\OpenSSH;D:\Java\jdk-11.0.4_windows-x64_bin\jdk-11.0.4\bin;D:\Program Files\nodejs;C:\ProgramData\chocolatey\bin;C:\Program Files\OpenJDK\openjdk-8u282-b08\bin;C:\MinGW\bin;D:\program files\PostGreSQL\bin;C:\Program Files\Git\cmd;C:\Windows\system32;C:\Windows;C:\Windows\System32\Wbem;C:\Windows\System32\WindowsPowerShell\v1.0;C:\Windows\System32\OpenSSH;C:\Program Files (x86)\NVIDIA Corporation\PhysX\Common;C:\Program Files\NVIDIA Corporation\NVIDIA NvDLISR;C:\WINDOWS\system32;C:\WINDOWS;C:\WINDOWS\System32\Wbem;C:\WINDOWS\System32\WindowsPowerShell\v1.0;C:\WINDOWS\System32\OpenSSH;C:\Program Files\MATLAB\R2020a\bin;D:\Java\jdk-11.0.4_windows-x64_bin\jdk-11.0.4\bin;D:\program files\Git\cmd;C:\Users\ajai2\AppData\Local\Microsoft\WindowsApps;D:\program files\flutter\bin;D:\Anaconda3;D:\Anaconda3\Scripts;D:\Microsoft VS Code\bin;C:\Users\ajai2\AppData\Roaming\npm;D:\program files\nodejs;C:\Users\ajai2\AppData\Local\Android\Sdk\platform-tools;C:\Users\ajai2\AppData\Local\Microsoft\WindowsApps;C:\MinGW\bin;C:\Users\ajai2\AppData\Local\Packages\PythonSoftwareFoundation.Python.3.9_qbz5n2kfra8p0\LocalCache\local-packages\Python39\Scripts\scrapy;C:\hadoop\bin;C:\Spark\spark-3.1.2-bin-hadoop3.2\bin;C:\Program Files\Git\usr\bin\vendor_perl;C:\Program Files\Git\usr\bin\core_perl

Yarn version: 
  1.22.10

Node version: 
  15.11.0

Platform: 
  win32 x64

Trace: 
  Error: getaddrinfo EAI_AGAIN registry.yarnpkg.com
      at GetAddrInfoReqWrap.onlookup [as oncomplete] (node:dns:69:26)

npm manifest: 
  {
    "main": "node_modules/expo/AppEntry.js",
    "scripts": {
      "start": "expo start",
      "android": "expo start --android",
      "ios": "expo start --ios",
      "web": "expo start --web",
      "eject": "expo eject"
    },
    "dependencies": {
      "expo": "~43.0.2",
      "expo-status-bar": "~1.1.0",
      "react": "17.0.1",
      "react-dom": "17.0.1",
      "react-native": "0.64.3",
      "react-native-web": "0.17.1",
      "expo-constants": "~12.1.3",
      "expo-keep-awake": "~10.0.0",
      "@expo/vector-icons": "^12.0.0",
      "react-native-paper": "4.9.2",
      "@react-native-async-storage/async-storage": "~1.15.0"
    },
    "devDependencies": {
      "@babel/core": "^7.12.9"
    },
    "private": true
  }

yarn manifest: 
  No manifest

Lockfile: 
  No lockfile
